CLIENT_RANDOM 6b9079d7afc9a1936b100972403ab3be047a29c13e115d8462b2c5da511feef8 1b9f1dfcd1dee6717d0307f659449cd8178e5e930eef3c5632dea654eda17004a85d8b18d7efd73127c25bf98688ab99
CLIENT_RANDOM 979fd3210f9525243e1cf673568363266f2082b1ea0cd7a679c3adb97bea1e38 c31bf0c4490cfe61659ee6072b0cf62e82794aa3e9608e69007e245a42f055ce313e25ab9663217e11d21871ecd25eb4
CLIENT_RANDOM 1e71341c27cc88c94d06bfcfe43397dc4b557516fd9f1e59b41c65fba4fb235c 5cd5175804c6ea35d8c0ee2be801af344c2d2ba9dcf63fc98ba046e37df9271caeadb97d3bd75750d71133cc164bdcee
CLIENT_RANDOM 88aae045738c98f8d0a2b460a677ee97507e486dbdf05310f20b5a0926cff521 48541fba23f03505d914bf9407a57949facb173368fe305a65d4ddadbbb6deae197525f34031b6a3d1f5bc5e0561d03f
CLIENT_RANDOM 4a6717c8e9c7c84dc04cd9ce5804b19daa907820453ca78dc6419eef2c6a8ba2 ff0ef2929a78db5c40ccda2dfbb50b81bf640139fa038346831af97901721a405fd858344ffc74a4957226e262f603ff
CLIENT_HANDSHAKE_TRAFFIC_SECRET 3c1bc154b1ad7296e5331062f5005b53a842253188a579fdd8ffab2599487c3c 97bc0f00ffa396735b92aa958d61e00ff02b5f58cf42be38a3db329894fecf15
SERVER_HANDSHAKE_TRAFFIC_SECRET 3c1bc154b1ad7296e5331062f5005b53a842253188a579fdd8ffab2599487c3c 8811dee4d927c426813aadfd077c7b915a2d07cd38c4a6a0cbd508411bf461ab
CLIENT_TRAFFIC_SECRET_0 3c1bc154b1ad7296e5331062f5005b53a842253188a579fdd8ffab2599487c3c b9e094aa79429fddf8c22d22292c7e3435236b1766e387d9a154f4f3e2a9393a
SERVER_TRAFFIC_SECRET_0 3c1bc154b1ad7296e5331062f5005b53a842253188a579fdd8ffab2599487c3c 5e040c190baaeba3d4fa58b873b42f63826547bd831bed1848c309aafd32c46d
EXPORTER_SECRET 3c1bc154b1ad7296e5331062f5005b53a842253188a579fdd8ffab2599487c3c d9636e33abd2457dabcf2dc2f5e3e0f40a2a67688c8f550e8a5101aeef9765fc
CLIENT_RANDOM 20033045d6a6e998f8a51c62a026f8a1716778b36e21bd8efaa7b5cfaca2af31 0ce6cdc95c81523500f2103936e47fddcf40bd3ce0768b3eb75b72e9affa3d792c9420cec7d0d0ba220147f71eed78b7
CLIENT_RANDOM 544409b6770862071b778fcab9e0c7fb689d618eb9c46d88f54211e910d5a745 8cfb1dd48821ee536abfc768c1ac740c64fd86ebcb48760b5fbb2483f0fd022e65ac6ba6f833115160ed6e7d098f9dea
CLIENT_RANDOM 70144c9d85de9ed1619c3b844464546ae4616eecc3846063d66357070e2ab3ce 069952056194cdfac1b98d29644d4391c67a1872c1555bb729ab7a138383a95ebe8e9771ee466cf1d9e233eceb7a2878
CLIENT_RANDOM 6c98ed72344092e98d056e170ba9bb31c161fd38b8150317a164cc0c2b0f3883 537eac5b3da6a5aa8e93165746ccf5d89ba7cc5ace90ae7e23c2acca5a1aa70d434c7cb237ba2c4bb2171eb3aef932d8
CLIENT_RANDOM 9515238f0a0e89c4477a84827ec356ef9b4be21343e914e170bbe888f6b8c453 9c0a13d4c502fd165495065024f8cbcde5ce3af903a12e1d0591cfb3d234b864e4845413de1a839cd00346c6949e9880
CLIENT_RANDOM bea1c39c1b7d5b5fe12d08a4c827536436e165514598886b67d4cfdc545aeb2b d827949b38e7592eb8aa4fb2243db22dd8aeeb191baaab45da44abd44a06c2e60ce046fb598e3f13e03e7118c96f20e4
CLIENT_HANDSHAKE_TRAFFIC_SECRET d2fbb6b98a35b3ffa72900256cafe34a355f1fb2f98080456d45d126cb2644c4 4b11cdb3698eddfc8d4f7fad378f1f835e06af091281c7b2cca2d3da15313e06
SERVER_HANDSHAKE_TRAFFIC_SECRET d2fbb6b98a35b3ffa72900256cafe34a355f1fb2f98080456d45d126cb2644c4 41c97feb2cc5736f1ae2363546f3b803e17d616a56c8431ab50671218438c8f6
CLIENT_TRAFFIC_SECRET_0 d2fbb6b98a35b3ffa72900256cafe34a355f1fb2f98080456d45d126cb2644c4 a452b1ad42cc74b0e52b8f8e777c8f29cc6edd193cddd3bd3473768f0faf3d51
SERVER_TRAFFIC_SECRET_0 d2fbb6b98a35b3ffa72900256cafe34a355f1fb2f98080456d45d126cb2644c4 f065c20f7048b888c660e225949a227600aaabc489c27087c1621394450d7dc9
EXPORTER_SECRET d2fbb6b98a35b3ffa72900256cafe34a355f1fb2f98080456d45d126cb2644c4 614444b73409798460e03720b3e0bf04fd7de418aed1eefb08685da64f650b1d
CLIENT_RANDOM f451c8fa368aa756cc9aa57745db31609f40d34d3561b9535def2745398a0787 97f6958024e9c10bc98abb74c14d234a481534c4797b2b7e260ed990320d0e181bd6e31885080ea9b1b5646e8ac814f1
CLIENT_RANDOM 182169258fd3309a039776eecfae67bb0370d664a7bc3b1c2da6f3d04509c4fc 15b1ab8dfa878ff5dad7d163a33b61c7b75abde9e30fe9512108a0d22520b673371965d3497aa7055b996be50726d34a
CLIENT_HANDSHAKE_TRAFFIC_SECRET 18713b63ace2a4fee86d84f9c5cb7cac3111dd6b8b3e715dd73861a1e08a9357 4fff888fe3bb0bb8db0f175240d06309b2dece6f65baf332263451d225b6ab1e
SERVER_HANDSHAKE_TRAFFIC_SECRET 18713b63ace2a4fee86d84f9c5cb7cac3111dd6b8b3e715dd73861a1e08a9357 c429461f4f11fd5d8f8ea319d2f1b6e5280eaac3cbee6e818cdbf3a3d6d48fba
CLIENT_TRAFFIC_SECRET_0 18713b63ace2a4fee86d84f9c5cb7cac3111dd6b8b3e715dd73861a1e08a9357 a65abcf0a806b7f7e9b29e00039565a46e6f870b7a7800142d9d94af8ede9a95
SERVER_TRAFFIC_SECRET_0 18713b63ace2a4fee86d84f9c5cb7cac3111dd6b8b3e715dd73861a1e08a9357 08b53d1c92a487ff9da81b2ea6ee8a24d14e60021940d03dde5579037960259c
EXPORTER_SECRET 18713b63ace2a4fee86d84f9c5cb7cac3111dd6b8b3e715dd73861a1e08a9357 ea59f9c095e9c8f971747afb030c3db1fd26e346898c29b9037a39a95f383850
CLIENT_RANDOM 18138faba2ff06c642ac5a6031ab7ac943759d2bf0fd00e1816c37b32f92d85f b3fe85142c4f8ea81b5753194ca032f17aa7d73e7c76cdb6ce5eefec17cab8c1bf31fec728ee49940b36eee3b2aca22b
CLIENT_RANDOM 1585dfafaf5c13851723ccbe200327e4e8bef99a077bfa775a5cf0e9ef2efeca 5e6c468171897cf79f293cf1db689e5eb3e18da42f910772791892f7685be117227563fbaf5c46e4e915ef17a550abf7
CLIENT_HANDSHAKE_TRAFFIC_SECRET 10cd57f05c36c33c4d55ac1b17ba82f09cae472253a4bb2d364f2509146cec0d fe14ca85d7b809ddb91e0f29699fc4a3cbc0103e27c6bdfe6a27610db6114552
SERVER_HANDSHAKE_TRAFFIC_SECRET 10cd57f05c36c33c4d55ac1b17ba82f09cae472253a4bb2d364f2509146cec0d 205af39c54081e27b659bd43cc03cc91cef49f8020184ceebf0a97779a1ca53d
CLIENT_TRAFFIC_SECRET_0 10cd57f05c36c33c4d55ac1b17ba82f09cae472253a4bb2d364f2509146cec0d 7cf68c1922d5991712f9139c35d3b8d9d147781b497dcd6609a4f4d475f7789c
SERVER_TRAFFIC_SECRET_0 10cd57f05c36c33c4d55ac1b17ba82f09cae472253a4bb2d364f2509146cec0d a23c1d3e932522b9499beed49bfa1baff3aa213b95a096abf96d4be1181c76f6
EXPORTER_SECRET 10cd57f05c36c33c4d55ac1b17ba82f09cae472253a4bb2d364f2509146cec0d 9973722a07bf1807407b18d1840cc89c9678df5d813c574e568774573f35c239
CLIENT_RANDOM d782f2080593431ffd47b48fe33249494e4da9d28bf7b695af8b5e7283768a03 f52ebab151c119a4bcd22a0105f87c3852bddea0634e324b2fe06646078f6c4013b219574694b7150bd595d70d20043d
CLIENT_RANDOM 0791406aa2d4f46abd10de4352974895e1f202a2c82b954cb6c4db5fd5730a1d 3b63a73ad35d665331e95949c1677101b5d13bf2b7fea511f55c896c0ad9e3ecabcace4ad88ced4379806ecbc7947a94
CLIENT_RANDOM a3efc1e325bcbe77844d9c80864b963b8cfca083b49605025ce7b2029496e96b 0407f39c9007fbfcd50f0754f7d844cc4ddc19dbabc6c7ce0828f74ce83971ff80e63da4ca8f7c0b916e3818c4683e8a
CLIENT_HANDSHAKE_TRAFFIC_SECRET 3db0cddfd13cd217fe1dc187183ea31197b03641c11609c1ca75fbd7b2220521 3babd3f893bdd15246cd3b2e0778c5ecfa5074b3f5b436cf964ddf378919c757
SERVER_HANDSHAKE_TRAFFIC_SECRET 3db0cddfd13cd217fe1dc187183ea31197b03641c11609c1ca75fbd7b2220521 27b3d22413e2a790c46a8af0423433f7493a6ecad6916d97ccd7b25cb809dc77
CLIENT_TRAFFIC_SECRET_0 3db0cddfd13cd217fe1dc187183ea31197b03641c11609c1ca75fbd7b2220521 1f1886da60a8ef62d29c02a8a3d6b3871f0753929fe0d53ad19954c88b80d1e2
SERVER_TRAFFIC_SECRET_0 3db0cddfd13cd217fe1dc187183ea31197b03641c11609c1ca75fbd7b2220521 08a34d43675726c3327e19936d698914362cacb1b035d17c9d6c2554b751b583
EXPORTER_SECRET 3db0cddfd13cd217fe1dc187183ea31197b03641c11609c1ca75fbd7b2220521 ced9690e4b9b56ea2938b138d5f95b223293c7b5ed1eae6e4e7d0d3863c2ba3e
CLIENT_RANDOM 1424f419444728dada1e6e8a08d81e6766a91d24d0945c9fa2476afce95ccb03 2cdd165fd017f3aed98b6f76b62bd8b5a1aedc7634c39dbd967881c48a1e42b5726616ab52d79a85b730723a07fb1c79
CLIENT_RANDOM abf4e9ac034ef09f9830f68c7871d650d87ab26d786130dfe2913bd6dc5593bd 38c1d2273799183b62a527072d0908faebdf12062288c8f020e5652f51a9fc03693113761936e7aab47dc377d9079ee3
CLIENT_HANDSHAKE_TRAFFIC_SECRET d4ad8af3397cd028f5dff3e36f8e975edcc308a0341f578d5991de12654c792c d32534adeba789c289d14bd257d092b9b1bdd7caa7d8a77b5b9822c78c1f552d
SERVER_HANDSHAKE_TRAFFIC_SECRET d4ad8af3397cd028f5dff3e36f8e975edcc308a0341f578d5991de12654c792c 1f000e1b2c88c0a8037aed6a4d73e376affc40427ac81b410fe0ee0d33e2cf50
CLIENT_TRAFFIC_SECRET_0 d4ad8af3397cd028f5dff3e36f8e975edcc308a0341f578d5991de12654c792c 2e7c307c4cf1d4e3569d2af6547e70a54593e22e497a64379663fbec35aa87e2
SERVER_TRAFFIC_SECRET_0 d4ad8af3397cd028f5dff3e36f8e975edcc308a0341f578d5991de12654c792c b199c600e8dfdd37fac4eb14e1b92ad541a911581c676f1eaced852728bc110c
EXPORTER_SECRET d4ad8af3397cd028f5dff3e36f8e975edcc308a0341f578d5991de12654c792c 5970597ca5dd4acfb1caf1386421b828747e8bfe2ffb9963433b9e0d5078a8b2
CLIENT_RANDOM 6166c92be5e40736775eb516b8faa938b4e77a9509c5303fed21fda9cd5acc87 b4a6d78d825a358acc810e22ef991870fe5e7085d0129496f76d45d462c75d79a5459041f2b0205028fbcfc7d5490816
CLIENT_RANDOM 5d0423853a8f7796523404e6395156d96b98a893eb94f9183da63a14ebce6415 f986ce8c943603fd0906b5a89ac334a5e5720b1ad7322bcb4ce8b558a460bd262a6d3bf10478808fe94dde47ef6a2450
